{
  "timestamp": "2026-01-21T06:17:09.634Z",
  "phase": "BEFORE_INDEX",
  "tests": [
    {
      "name": "questions_by_exam_id",
      "query": "SELECT * FROM questions WHERE exam_id = 1",
      "plan": "Seq Scan on questions  (cost=0.00..9199.42 rows=36 width=1088) (actual time=1.256..2029.046 rows=35 loops=1)\n  Filter: (exam_id = 1)\n  Rows Removed by Filter: 106460\nPlanning Time: 6.910 ms\nExecution Time: 2029.082 ms",
      "scanType": "SEQ_SCAN"
    },
    {
      "name": "exams_by_subject_id",
      "query": "SELECT * FROM exams WHERE subject_id = 1",
      "plan": "Seq Scan on exams  (cost=0.00..71.70 rows=8 width=45) (actual time=0.016..1.241 rows=7 loops=1)\n  Filter: (subject_id = 1)\n  Rows Removed by Filter: 3184\nPlanning Time: 0.854 ms\nExecution Time: 1.264 ms",
      "scanType": "SEQ_SCAN"
    },
    {
      "name": "subjects_like_search",
      "query": "SELECT * FROM subjects WHERE name LIKE '컴퓨터%'",
      "plan": "Seq Scan on subjects  (cost=0.00..12.44 rows=1 width=35) (actual time=0.061..0.068 rows=2 loops=1)\n  Filter: ((name)::text ~~ '컴퓨터%'::text)\n  Rows Removed by Filter: 537\nPlanning Time: 0.095 ms\nExecution Time: 0.086 ms",
      "scanType": "SEQ_SCAN"
    },
    {
      "name": "exams_by_year_and_type",
      "query": "SELECT * FROM exams WHERE year = 2024 AND exam_type = 1",
      "plan": "Seq Scan on exams  (cost=0.00..79.84 rows=1 width=45) (actual time=0.262..0.262 rows=0 loops=1)\n  Filter: ((year = 2024) AND (exam_type = 1))\n  Rows Removed by Filter: 3191\nPlanning Time: 0.078 ms\nExecution Time: 0.281 ms",
      "scanType": "SEQ_SCAN"
    }
  ],
  "indexes": [
    {
      "tablename": "exams",
      "indexname": "PK_b43159ee3efa440952794b4f53e",
      "indexdef": "CREATE UNIQUE INDEX \"PK_b43159ee3efa440952794b4f53e\" ON public.exams USING btree (id)"
    },
    {
      "tablename": "questions",
      "indexname": "PK_08a6d4b0f49ff300bf3a0ca60ac",
      "indexdef": "CREATE UNIQUE INDEX \"PK_08a6d4b0f49ff300bf3a0ca60ac\" ON public.questions USING btree (id)"
    },
    {
      "tablename": "subjects",
      "indexname": "PK_1a023685ac2b051b4e557b0b280",
      "indexdef": "CREATE UNIQUE INDEX \"PK_1a023685ac2b051b4e557b0b280\" ON public.subjects USING btree (id)"
    }
  ],
  "dataCounts": {
    "subjects": "539",
    "exams": "3191",
    "questions": "106495"
  },
  "typeorm": {
    "questions": {
      "avg": 392.20722000000006,
      "p50": 293.6411999999982,
      "p95": 964.3506999999954
    },
    "exams": {
      "avg": 292.5675660000011,
      "p50": 139.744200000001,
      "p95": 851.80349999998
    }
  }
}