{
  "timestamp": "2026-01-21T06:34:34.893Z",
  "phase": "BEFORE_INDEX",
  "tests": [
    {
      "name": "questions_by_exam_id",
      "query": "SELECT * FROM questions WHERE exam_id = 1",
      "plan": "Seq Scan on questions  (cost=0.00..9197.19 rows=36 width=1088) (actual time=0.022..24.935 rows=35 loops=1)\n  Filter: (exam_id = 1)\n  Rows Removed by Filter: 106460\nPlanning Time: 0.207 ms\nExecution Time: 24.968 ms",
      "scanType": "SEQ_SCAN"
    },
    {
      "name": "exams_by_subject_id",
      "query": "SELECT * FROM exams WHERE subject_id = 1",
      "plan": "Seq Scan on exams  (cost=0.00..70.89 rows=8 width=45) (actual time=0.012..0.244 rows=7 loops=1)\n  Filter: (subject_id = 1)\n  Rows Removed by Filter: 3184\nPlanning Time: 0.062 ms\nExecution Time: 0.262 ms",
      "scanType": "SEQ_SCAN"
    },
    {
      "name": "subjects_like_search",
      "query": "SELECT * FROM subjects WHERE name LIKE '컴퓨터%'",
      "plan": "Seq Scan on subjects  (cost=0.00..11.74 rows=1 width=35) (actual time=0.062..0.070 rows=2 loops=1)\n  Filter: ((name)::text ~~ '컴퓨터%'::text)\n  Rows Removed by Filter: 537\nPlanning Time: 0.102 ms\nExecution Time: 0.088 ms",
      "scanType": "SEQ_SCAN"
    },
    {
      "name": "exams_by_year_and_type",
      "query": "SELECT * FROM exams WHERE year = 2024 AND exam_type = 1",
      "plan": "Seq Scan on exams  (cost=0.00..78.86 rows=1 width=45) (actual time=0.297..0.297 rows=0 loops=1)\n  Filter: ((year = 2024) AND (exam_type = 1))\n  Rows Removed by Filter: 3191\nPlanning Time: 0.079 ms\nExecution Time: 0.315 ms",
      "scanType": "SEQ_SCAN"
    },
    {
      "name": "subjects_count",
      "query": "SELECT COUNT(*) FROM subjects",
      "plan": "Aggregate  (cost=11.74..11.75 rows=1 width=8) (actual time=0.092..0.092 rows=1 loops=1)\n  ->  Seq Scan on subjects  (cost=0.00..10.39 rows=539 width=0) (actual time=0.011..0.057 rows=539 loops=1)\nPlanning Time: 0.060 ms\nExecution Time: 0.117 ms",
      "scanType": "SEQ_SCAN"
    },
    {
      "name": "subjects_pagination",
      "query": "SELECT * FROM subjects ORDER BY name ASC LIMIT 10 OFFSET 0",
      "plan": "Limit  (cost=22.04..22.06 rows=10 width=35) (actual time=0.230..0.232 rows=10 loops=1)\n  ->  Sort  (cost=22.04..23.39 rows=539 width=35) (actual time=0.229..0.230 rows=10 loops=1)\n        Sort Key: name\n        Sort Method: top-N heapsort  Memory: 25kB\n        ->  Seq Scan on subjects  (cost=0.00..10.39 rows=539 width=35) (actual time=0.012..0.059 rows=539 loops=1)\nPlanning Time: 0.095 ms\nExecution Time: 0.251 ms",
      "scanType": "SEQ_SCAN"
    }
  ],
  "indexes": [
    {
      "tablename": "exams",
      "indexname": "PK_b43159ee3efa440952794b4f53e",
      "indexdef": "CREATE UNIQUE INDEX \"PK_b43159ee3efa440952794b4f53e\" ON public.exams USING btree (id)"
    },
    {
      "tablename": "questions",
      "indexname": "PK_08a6d4b0f49ff300bf3a0ca60ac",
      "indexdef": "CREATE UNIQUE INDEX \"PK_08a6d4b0f49ff300bf3a0ca60ac\" ON public.questions USING btree (id)"
    },
    {
      "tablename": "subjects",
      "indexname": "PK_1a023685ac2b051b4e557b0b280",
      "indexdef": "CREATE UNIQUE INDEX \"PK_1a023685ac2b051b4e557b0b280\" ON public.subjects USING btree (id)"
    }
  ],
  "dataCounts": {
    "subjects": "539",
    "exams": "3191",
    "questions": "106495"
  },
  "typeorm": {
    "questions": {
      "avg": 530.9131900000004,
      "p50": 524.4733999999953,
      "p95": 1219.3758000000016
    },
    "exams": {
      "avg": 572.3627470000001,
      "p50": 529.7017999999953,
      "p95": 1243.1937000000034
    }
  }
}