{
  "timestamp": "2026-01-21T06:40:55.022Z",
  "phase": "BEFORE_INDEX",
  "tests": [
    {
      "name": "questions_by_exam_id",
      "query": "SELECT * FROM questions WHERE exam_id = 1",
      "plan": "Index Scan using \"IDX_questions_exam_id\" on questions  (cost=0.29..5.13 rows=36 width=1088) (actual time=0.013..0.027 rows=35 loops=1)\n  Index Cond: (exam_id = 1)\nPlanning Time: 2.198 ms\nExecution Time: 0.052 ms",
      "scanType": "INDEX_SCAN"
    },
    {
      "name": "exams_by_subject_id",
      "query": "SELECT * FROM exams WHERE subject_id = 1",
      "plan": "Index Scan using \"IDX_exams_subject_id\" on exams  (cost=0.28..2.62 rows=8 width=45) (actual time=0.017..0.019 rows=7 loops=1)\n  Index Cond: (subject_id = 1)\nPlanning Time: 0.156 ms\nExecution Time: 0.045 ms",
      "scanType": "INDEX_SCAN"
    },
    {
      "name": "subjects_like_search",
      "query": "SELECT * FROM subjects WHERE name LIKE '컴퓨터%'",
      "plan": "Seq Scan on subjects  (cost=0.00..11.74 rows=1 width=35) (actual time=0.064..0.072 rows=2 loops=1)\n  Filter: ((name)::text ~~ '컴퓨터%'::text)\n  Rows Removed by Filter: 537\nPlanning Time: 0.121 ms\nExecution Time: 0.089 ms",
      "scanType": "SEQ_SCAN"
    },
    {
      "name": "exams_by_year_and_type",
      "query": "SELECT * FROM exams WHERE year = 2024 AND exam_type = 1",
      "plan": "Index Scan using \"IDX_exams_year_exam_type\" on exams  (cost=0.28..2.48 rows=1 width=45) (actual time=0.008..0.008 rows=0 loops=1)\n  Index Cond: ((year = 2024) AND (exam_type = 1))\nPlanning Time: 0.113 ms\nExecution Time: 0.029 ms",
      "scanType": "INDEX_SCAN"
    },
    {
      "name": "subjects_count",
      "query": "SELECT COUNT(*) FROM subjects",
      "plan": "Aggregate  (cost=11.74..11.75 rows=1 width=8) (actual time=0.105..0.105 rows=1 loops=1)\n  ->  Seq Scan on subjects  (cost=0.00..10.39 rows=539 width=0) (actual time=0.024..0.070 rows=539 loops=1)\nPlanning Time: 0.060 ms\nExecution Time: 0.130 ms",
      "scanType": "SEQ_SCAN"
    },
    {
      "name": "subjects_pagination",
      "query": "SELECT * FROM subjects ORDER BY name ASC LIMIT 10 OFFSET 0",
      "plan": "Limit  (cost=0.28..0.62 rows=10 width=35) (actual time=0.087..0.092 rows=10 loops=1)\n  ->  Index Scan using \"IDX_subjects_name\" on subjects  (cost=0.28..18.96 rows=539 width=35) (actual time=0.086..0.090 rows=10 loops=1)\nPlanning Time: 0.105 ms\nExecution Time: 0.110 ms",
      "scanType": "INDEX_SCAN"
    }
  ],
  "indexes": [
    {
      "tablename": "exams",
      "indexname": "IDX_exams_subject_id",
      "indexdef": "CREATE INDEX \"IDX_exams_subject_id\" ON public.exams USING btree (subject_id)"
    },
    {
      "tablename": "exams",
      "indexname": "IDX_exams_year_exam_type",
      "indexdef": "CREATE INDEX \"IDX_exams_year_exam_type\" ON public.exams USING btree (year, exam_type)"
    },
    {
      "tablename": "exams",
      "indexname": "PK_b43159ee3efa440952794b4f53e",
      "indexdef": "CREATE UNIQUE INDEX \"PK_b43159ee3efa440952794b4f53e\" ON public.exams USING btree (id)"
    },
    {
      "tablename": "questions",
      "indexname": "IDX_questions_exam_id",
      "indexdef": "CREATE INDEX \"IDX_questions_exam_id\" ON public.questions USING btree (exam_id)"
    },
    {
      "tablename": "questions",
      "indexname": "PK_08a6d4b0f49ff300bf3a0ca60ac",
      "indexdef": "CREATE UNIQUE INDEX \"PK_08a6d4b0f49ff300bf3a0ca60ac\" ON public.questions USING btree (id)"
    },
    {
      "tablename": "subjects",
      "indexname": "IDX_subjects_name",
      "indexdef": "CREATE INDEX \"IDX_subjects_name\" ON public.subjects USING btree (name)"
    },
    {
      "tablename": "subjects",
      "indexname": "PK_1a023685ac2b051b4e557b0b280",
      "indexdef": "CREATE UNIQUE INDEX \"PK_1a023685ac2b051b4e557b0b280\" ON public.subjects USING btree (id)"
    }
  ],
  "dataCounts": {
    "subjects": "539",
    "exams": "3191",
    "questions": "106495"
  },
  "typeorm": {
    "questions": {
      "avg": 273.2982280000006,
      "p50": 144.5952000000034,
      "p95": 816.7426000000014
    },
    "exams": {
      "avg": 282.9682580000002,
      "p50": 140.1362999999983,
      "p95": 879.3067999999985
    }
  }
}